DEBUG:urllib3.connectionpool:Starting new HTTP connection (1): svitlo:80
DEBUG:urllib3.connectionpool:http://svitlo:80 "GET /api/1713478951512 HTTP/1.1" 200 None
INFO:root:Запит: http://svitlo/api/1713478951512
INFO:root:Код відповіді: 200
INFO:root:Відповідь: {"address":"1713478951512","status":"online"}
DEBUG:urllib3.connectionpool:Starting new HTTP connection (1): svitlo:80
DEBUG:urllib3.connectionpool:http://svitlo:80 "GET /api/1713478951512 HTTP/1.1" 200 None
INFO:root:Запит: http://svitlo/api/1713478951512
INFO:root:Код відповіді: 200
INFO:root:Відповідь: {"address":"1713478951512","status":"online"}
DEBUG:urllib3.connectionpool:Starting new HTTP connection (1): svitlo:80
DEBUG:urllib3.connectionpool:http://svitlo:80 "GET /api/1713478951512 HTTP/1.1" 200 None
INFO:root:Запит: http://svitlo/api/1713478951512
INFO:root:Код відповіді: 200
INFO:root:Відповідь: {"address":"1713478951512","status":"online"}
DEBUG:urllib3.connectionpool:Starting new HTTP connection (1): svitlo:80
DEBUG:urllib3.connectionpool:http://svitlo:80 "GET /api/1713478951512 HTTP/1.1" 200 None
INFO:root:Запит: http://svitlo/api/1713478951512
INFO:root:Код відповіді: 200
INFO:root:Відповідь: {"address":"1713478951512","status":"online"}
DEBUG:urllib3.connectionpool:Starting new HTTP connection (1): svitlo:80
DEBUG:urllib3.connectionpool:http://svitlo:80 "GET /api/1713478951512 HTTP/1.1" 200 None
INFO:root:Запит: http://svitlo/api/1713478951512
INFO:root:Код відповіді: 200
INFO:root:Відповідь: {"address":"1713478951512","status":"online"}
DEBUG:urllib3.connectionpool:Starting new HTTP connection (1): svitlo:80
DEBUG:urllib3.connectionpool:http://svitlo:80 "GET /api/1713478951512 HTTP/1.1" 200 None
INFO:root:Запит: http://svitlo/api/1713478951512
INFO:root:Код відповіді: 200
INFO:root:Відповідь: {"address":"1713478951512","status":"online"}
DEBUG:urllib3.connectionpool:Starting new HTTP connection (1): svitlo:80
DEBUG:urllib3.connectionpool:http://svitlo:80 "GET /api/1713478951512 HTTP/1.1" 200 None
INFO:root:Запит: http://svitlo/api/1713478951512
INFO:root:Код відповіді: 200
INFO:root:Відповідь: {"address":"1713478951512","status":"online"}
DEBUG:urllib3.connectionpool:Starting new HTTP connection (1): svitlo:80
DEBUG:urllib3.connectionpool:http://svitlo:80 "GET /api/1713478951512 HTTP/1.1" 200 None
INFO:root:Запит: http://svitlo/api/1713478951512
INFO:root:Код відповіді: 200
INFO:root:Відповідь: {"address":"1713478951512","status":"online"}
DEBUG:urllib3.connectionpool:Starting new HTTP connection (1): svitlo:80
DEBUG:urllib3.connectionpool:http://svitlo:80 "GET /api/1713478951512 HTTP/1.1" 200 None
INFO:root:Запит: http://svitlo/api/1713478951512
INFO:root:Код відповіді: 200
INFO:root:Відповідь: {"address":"1713478951512","status":"online"}
DEBUG:urllib3.connectionpool:Starting new HTTP connection (1): svitlo:80
DEBUG:urllib3.connectionpool:http://svitlo:80 "GET /api/1713478951512 HTTP/1.1" 200 None
INFO:root:Запит: http://svitlo/api/1713478951512
INFO:root:Код відповіді: 200
INFO:root:Відповідь: {"address":"1713478951512","status":"online"}
DEBUG:urllib3.connectionpool:Starting new HTTP connection (1): svitlo:80
DEBUG:urllib3.connectionpool:http://svitlo:80 "GET /api/1713478951512 HTTP/1.1" 200 None
INFO:root:Запит: http://svitlo/api/1713478951512
INFO:root:Код відповіді: 200
INFO:root:Відповідь: {"address":"1713478951512","status":"online"}
DEBUG:urllib3.connectionpool:Starting new HTTP connection (1): svitlo:80
DEBUG:urllib3.connectionpool:http://svitlo:80 "GET /api/1713478951512 HTTP/1.1" 200 None
INFO:root:Запит: http://svitlo/api/1713478951512
INFO:root:Код відповіді: 200
INFO:root:Відповідь: {"address":"1713478951512","status":"online"}
DEBUG:urllib3.connectionpool:Starting new HTTP connection (1): svitlo:80
DEBUG:urllib3.connectionpool:http://svitlo:80 "GET /api/1713478951512 HTTP/1.1" 200 None
INFO:root:Запит: http://svitlo/api/1713478951512
INFO:root:Код відповіді: 200
INFO:root:Відповідь: {"address":"1713478951512","status":"online"}
DEBUG:urllib3.connectionpool:Starting new HTTP connection (1): svitlo:80
DEBUG:urllib3.connectionpool:http://svitlo:80 "GET /api/1713478951512 HTTP/1.1" 200 None
INFO:root:Запит: http://svitlo/api/1713478951512
INFO:root:Код відповіді: 200
INFO:root:Відповідь: {"address":"1713478951512","status":"online"}
DEBUG:urllib3.connectionpool:Starting new HTTP connection (1): svitlo:80
DEBUG:urllib3.connectionpool:http://svitlo:80 "GET /api/1713478951512 HTTP/1.1" 200 None
INFO:root:Запит: http://svitlo/api/1713478951512
INFO:root:Код відповіді: 200
INFO:root:Відповідь: {"address":"1713478951512","status":"online"}
DEBUG:urllib3.connectionpool:Starting new HTTP connection (1): svitlo:80
DEBUG:urllib3.connectionpool:http://svitlo:80 "GET /api/1713478951512 HTTP/1.1" 200 None
INFO:root:Запит: http://svitlo/api/1713478951512
INFO:root:Код відповіді: 200
INFO:root:Відповідь: {"address":"1713478951512","status":"online"}
